<?xml version="1.0" encoding="UTF-8"?>
<testng-results ignored="11" total="12" passed="1" failed="0" skipped="0">
  <reporter-output>
  </reporter-output>
  <suite started-at="2022-07-23T09:54:31 IST" name="Default suite" finished-at="2022-07-23T09:54:46 IST" duration-ms="15101">
    <groups>
    </groups>
    <test started-at="2022-07-23T09:54:31 IST" name="Default test" finished-at="2022-07-23T09:54:46 IST" duration-ms="15101">
      <class name="com.selenium.demo.WebElement_Interface_Methods">
        <test-method signature="Verify_GetCssValue()[pri:0, instance:com.selenium.demo.WebElement_Interface_Methods@15aab8c6]" started-at="2022-07-23T09:54:31 IST" name="Verify_GetCssValue" finished-at="2022-07-23T09:54:46 IST" duration-ms="15037" status="PASS">
          <reporter-output>
          </reporter-output>
        </test-method> <!-- Verify_GetCssValue -->
      </class> <!-- com.selenium.demo.WebElement_Interface_Methods -->
    </test> <!-- Default test -->
  </suite> <!-- Default suite -->
</testng-results>
