<?xml version="1.0" encoding="UTF-8"?>
<testng-results ignored="7" total="8" passed="1" failed="0" skipped="0">
  <reporter-output>
  </reporter-output>
  <suite started-at="2022-07-29T20:52:48 IST" name="Default suite" finished-at="2022-07-29T20:53:17 IST" duration-ms="28344">
    <groups>
    </groups>
    <test started-at="2022-07-29T20:52:48 IST" name="Default test" finished-at="2022-07-29T20:53:17 IST" duration-ms="28344">
      <class name="com.selenium.demo.ActionsClassMethods">
        <test-method is-config="true" signature="launchrowser()[pri:0, instance:com.selenium.demo.ActionsClassMethods@611889f4]" started-at="2022-07-29T20:52:48 IST" name="launchrowser" finished-at="2022-07-29T20:52:52 IST" duration-ms="3479" status="PASS">
          <reporter-output>
          </reporter-output>
        </test-method> <!-- launchrowser -->
        <test-method signature="gmail_contextClickDemo_mailArchive()[pri:0, instance:com.selenium.demo.ActionsClassMethods@611889f4]" started-at="2022-07-29T20:52:52 IST" name="gmail_contextClickDemo_mailArchive" finished-at="2022-07-29T20:53:17 IST" duration-ms="24805" status="PASS">
          <reporter-output>
          </reporter-output>
        </test-method> <!-- gmail_contextClickDemo_mailArchive -->
      </class> <!-- com.selenium.demo.ActionsClassMethods -->
    </test> <!-- Default test -->
  </suite> <!-- Default suite -->
</testng-results>
