<?xml version="1.0" encoding="UTF-8"?>
<!-- Generated by org.testng.reporters.JUnitXMLReporter -->
<testsuite ignored="7" hostname="DESKTOP-6E13JVC" failures="0" tests="1" name="Default test" time="28.344" errors="0" timestamp="2022-07-29T20:53:17 IST">
  <testcase classname="com.selenium.demo.ActionsClassMethods" name="gmail_contextClickDemo_mailArchive" time="24.805"/>
  <testcase classname="com.selenium.demo.ActionsClassMethods" name="dragAndDrop" time="0.0">
    <ignored/>
  </testcase> <!-- dragAndDrop -->
  <testcase classname="com.selenium.demo.ActionsClassMethods" name="contextClickusingActionsClass" time="0.0">
    <ignored/>
  </testcase> <!-- contextClickusingActionsClass -->
  <testcase classname="com.selenium.demo.ActionsClassMethods" name="dragAndDropbyOffset" time="0.0">
    <ignored/>
  </testcase> <!-- dragAndDropbyOffset -->
  <testcase classname="com.selenium.demo.ActionsClassMethods" name="MouseHover" time="0.0">
    <ignored/>
  </testcase> <!-- MouseHover -->
  <testcase classname="com.selenium.demo.ActionsClassMethods" name="DropDownMenu" time="0.0">
    <ignored/>
  </testcase> <!-- DropDownMenu -->
  <testcase classname="com.selenium.demo.ActionsClassMethods" name="moveToElement" time="0.0">
    <ignored/>
  </testcase> <!-- moveToElement -->
  <testcase classname="com.selenium.demo.ActionsClassMethods" name="key" time="0.0">
    <ignored/>
  </testcase> <!-- key -->
</testsuite> <!-- Default test -->
