<?xml version="1.0" encoding="UTF-8"?>
<!-- Generated by org.testng.reporters.JUnitXMLReporter -->
<testsuite ignored="9" hostname="DESKTOP-6E13JVC" failures="0" tests="1" name="Default test" time="6.868" errors="0" timestamp="2022-08-03T17:46:03 IST">
  <testcase classname="com.selenium.demo.ListBoxTest" name="hashMapExample_printtheOcuuranceOfPoori" time="0.396"/>
  <testcase classname="com.selenium.demo.ListBoxTest" name="HashMapExample_printtheOcuuranceOfPoori" time="0.0">
    <ignored/>
  </testcase> <!-- HashMapExample_printtheOcuuranceOfPoori -->
  <testcase classname="com.selenium.demo.ListBoxTest" name="printUniqueElementinthelistbox" time="0.0">
    <ignored/>
  </testcase> <!-- printUniqueElementinthelistbox -->
  <testcase classname="com.selenium.demo.ListBoxTest" name="printtheDUPLICATEItem_intheList_HashSet" time="0.0">
    <ignored/>
  </testcase> <!-- printtheDUPLICATEItem_intheList_HashSet -->
  <testcase classname="com.selenium.demo.ListBoxTest" name="PrinttheDUPLICATEItem_intheList_HashSet" time="0.0">
    <ignored/>
  </testcase> <!-- PrinttheDUPLICATEItem_intheList_HashSet -->
  <testcase classname="com.selenium.demo.ListBoxTest" name="checklisthasDUPLICATEvaluesHashSet" time="0.0">
    <ignored/>
  </testcase> <!-- checklisthasDUPLICATEvaluesHashSet -->
  <testcase classname="com.selenium.demo.ListBoxTest" name="printUniqueElement_Sorted" time="0.0">
    <ignored/>
  </testcase> <!-- printUniqueElement_Sorted -->
  <testcase classname="com.selenium.demo.ListBoxTest" name="checklisthasDUPLICATEvalues_HashSet" time="0.0">
    <ignored/>
  </testcase> <!-- checklisthasDUPLICATEvalues_HashSet -->
  <testcase classname="com.selenium.demo.ListBoxTest" name="printListValuesSortedOrder" time="0.0">
    <ignored/>
  </testcase> <!-- printListValuesSortedOrder -->
  <testcase classname="com.selenium.demo.ListBoxTest" name="listBox_test" time="0.0">
    <ignored/>
  </testcase> <!-- listBox_test -->
</testsuite> <!-- Default test -->
